<?xml version="1.0" encoding="UTF-8"?>
<testng-results skipped="0" failed="0" ignored="0" total="1" passed="1">
  <reporter-output>
  </reporter-output>
  <suite name="Default suite" duration-ms="21820" started-at="2019-09-02T18:53:57Z" finished-at="2019-09-02T18:54:19Z">
    <groups>
    </groups>
    <test name="Default test" duration-ms="21820" started-at="2019-09-02T18:53:57Z" finished-at="2019-09-02T18:54:19Z">
      <class name="tset.TextTest">
        <test-method status="PASS" signature="setUp()[pri:0, instance:tset.TextTest@28feb3fa]" name="setUp" is-config="true" duration-ms="7658" started-at="2019-09-02T14:53:50Z" finished-at="2019-09-02T14:53:57Z">
          <reporter-output>
          </reporter-output>
        </test-method> <!-- setUp -->
        <test-method status="PASS" signature="mallik()[pri:0, instance:tset.TextTest@28feb3fa]" name="mallik" duration-ms="21793" started-at="2019-09-02T14:53:57Z" finished-at="2019-09-02T14:54:19Z">
          <reporter-output>
          </reporter-output>
        </test-method> <!-- mallik -->
      </class> <!-- tset.TextTest -->
    </test> <!-- Default test -->
  </suite> <!-- Default suite -->
</testng-results>
